# JRE version: OpenJDK Runtime Environment (11.0.5+10) (build 11.0.5+10)
# Java VM: OpenJDK 64-Bit Server VM (11.0.5+10, mixed mode, tiered, compressed oops, g1 gc, bsd-amd64)
Heap:
 garbage-first heap   total 378880K, used 275193K [0x0000000700000000, 0x0000000800000000)
  region size 1024K, 166 young (169984K), 26 survivors (26624K)
 Metaspace       used 153131K, capacity 164482K, committed 164816K, reserved 1191936K
  class space    used 19334K, capacity 22861K, committed 22988K, reserved 1048576K
GC Heap History (20 events):
Event: 9.573 GC heap before
{Heap before GC invocations=12 (full 0):
 garbage-first heap   total 315392K, used 206460K [0x0000000700000000, 0x0000000800000000)
  region size 1024K, 177 young (181248K), 21 survivors (21504K)
 Metaspace       used 52674K, capacity 57396K, committed 57724K, reserved 1099776K
  class space    used 6132K, capacity 7411K, committed 7424K, reserved 1048576K
}
Event: 9.592 GC heap after
{Heap after GC invocations=13 (full 0):
 garbage-first heap   total 378880K, used 55239K [0x0000000700000000, 0x0000000800000000)
  region size 1024K, 23 young (23552K), 23 survivors (23552K)
 Metaspace       used 52674K, capacity 57396K, committed 57724K, reserved 1099776K
  class space    used 6132K, capacity 7411K, committed 7424K, reserved 1048576K
}
Event: 10.962 GC heap before
{Heap before GC invocations=14 (full 0):
 garbage-first heap   total 378880K, used 257991K [0x0000000700000000, 0x0000000800000000)
  region size 1024K, 222 young (227328K), 23 survivors (23552K)
 Metaspace       used 84692K, capacity 92594K, committed 93128K, reserved 1130496K
  class space    used 10494K, capacity 12746K, committed 12876K, reserved 1048576K
}
Event: 11.012 GC heap after
{Heap after GC invocations=15 (full 0):
 garbage-first heap   total 378880K, used 69801K [0x0000000700000000, 0x0000000800000000)
  region size 1024K, 16 young (16384K), 16 survivors (16384K)
 Metaspace       used 84692K, capacity 92594K, committed 93128K, reserved 1130496K
  class space    used 10494K, capacity 12746K, committed 12876K, reserved 1048576K
}
Event: 11.186 GC heap before
{Heap before GC invocations=15 (full 0):
 garbage-first heap   total 378880K, used 81065K [0x0000000700000000, 0x0000000800000000)
  region size 1024K, 29 young (29696K), 16 survivors (16384K)
 Metaspace       used 88103K, capacity 96105K, committed 96336K, reserved 1132544K
  class space    used 11060K, capacity 13344K, committed 13388K, reserved 1048576K
}
Event: 11.204 GC heap after
{Heap after GC invocations=16 (full 0):
 garbage-first heap   total 378880K, used 71838K [0x0000000700000000, 0x0000000800000000)
  region size 1024K, 3 young (3072K), 3 survivors (3072K)
 Metaspace       used 88103K, capacity 96105K, committed 96336K, reserved 1132544K
  class space    used 11060K, capacity 13344K, committed 13388K, reserved 1048576K
}
Event: 14.836 GC heap before
{Heap before GC invocations=17 (full 0):
 garbage-first heap   total 378880K, used 329886K [0x0000000700000000, 0x0000000800000000)
  region size 1024K, 205 young (209920K), 3 survivors (3072K)
 Metaspace       used 104232K, capacity 113432K, committed 113616K, reserved 1146880K
  class space    used 13237K, capacity 16045K, committed 16076K, reserved 1048576K
}
Event: 14.845 GC heap after
{Heap after GC invocations=18 (full 0):
 garbage-first heap   total 378880K, used 88764K [0x0000000700000000, 0x0000000800000000)
  region size 1024K, 10 young (10240K), 10 survivors (10240K)
 Metaspace       used 104232K, capacity 113432K, committed 113616K, reserved 1146880K
  class space    used 13237K, capacity 16045K, committed 16076K, reserved 1048576K
}
Event: 18.304 GC heap before
{Heap before GC invocations=18 (full 0):
 garbage-first heap   total 378880K, used 292540K [0x0000000700000000, 0x0000000800000000)
  region size 1024K, 210 young (215040K), 10 survivors (10240K)
 Metaspace       used 104334K, capacity 113561K, committed 113872K, reserved 1146880K
  class space    used 13238K, capacity 16045K, committed 16076K, reserved 1048576K
}
Event: 18.310 GC heap after
{Heap after GC invocations=19 (full 0):
 garbage-first heap   total 378880K, used 89185K [0x0000000700000000, 0x0000000800000000)
  region size 1024K, 10 young (10240K), 10 survivors (10240K)
 Metaspace       used 104334K, capacity 113561K, committed 113872K, reserved 1146880K
  class space    used 13238K, capacity 16045K, committed 16076K, reserved 1048576K
}
Event: 19.155 GC heap before
{Heap before GC invocations=19 (full 0):
 garbage-first heap   total 378880K, used 300129K [0x0000000700000000, 0x0000000800000000)
  region size 1024K, 217 young (222208K), 10 survivors (10240K)
 Metaspace       used 105109K, capacity 114433K, committed 114896K, reserved 1148928K
  class space    used 13332K, capacity 16205K, committed 16332K, reserved 1048576K
}
Event: 19.165 GC heap after
{Heap after GC invocations=20 (full 0):
 garbage-first heap   total 378880K, used 96392K [0x0000000700000000, 0x0000000800000000)
  region size 1024K, 17 young (17408K), 17 survivors (17408K)
 Metaspace       used 105109K, capacity 114433K, committed 114896K, reserved 1148928K
  class space    used 13332K, capacity 16205K, committed 16332K, reserved 1048576K
}
Event: 20.754 GC heap before
{Heap before GC invocations=20 (full 0):
 garbage-first heap   total 378880K, used 305288K [0x0000000700000000, 0x0000000800000000)
  region size 1024K, 222 young (227328K), 17 survivors (17408K)
 Metaspace       used 107061K, capacity 116513K, committed 116816K, reserved 1150976K
  class space    used 13539K, capacity 16420K, committed 16460K, reserved 1048576K
}
Event: 20.766 GC heap after
{Heap after GC invocations=21 (full 0):
 garbage-first heap   total 378880K, used 97292K [0x0000000700000000, 0x0000000800000000)
  region size 1024K, 9 young (9216K), 9 survivors (9216K)
 Metaspace       used 107061K, capacity 116513K, committed 116816K, reserved 1150976K
  class space    used 13539K, capacity 16420K, committed 16460K, reserved 1048576K
}
Event: 22.489 GC heap before
{Heap before GC invocations=21 (full 0):
 garbage-first heap   total 378880K, used 308236K [0x0000000700000000, 0x0000000800000000)
  region size 1024K, 216 young (221184K), 9 survivors (9216K)
 Metaspace       used 127705K, capacity 138005K, committed 138576K, reserved 1169408K
  class space    used 16279K, capacity 19489K, committed 19532K, reserved 1048576K
}
Event: 22.500 GC heap after
{Heap after GC invocations=22 (full 0):
 garbage-first heap   total 378880K, used 107431K [0x0000000700000000, 0x0000000800000000)
  region size 1024K, 19 young (19456K), 19 survivors (19456K)
 Metaspace       used 127705K, capacity 138005K, committed 138576K, reserved 1169408K
  class space    used 16279K, capacity 19489K, committed 19532K, reserved 1048576K
}
Event: 159.132 GC heap before
{Heap before GC invocations=22 (full 0):
 garbage-first heap   total 378880K, used 232359K [0x0000000700000000, 0x0000000800000000)
  region size 1024K, 143 young (146432K), 19 survivors (19456K)
 Metaspace       used 149755K, capacity 160646K, committed 160976K, reserved 1187840K
  class space    used 19050K, capacity 22369K, committed 22476K, reserved 1048576K
}
Event: 159.183 GC heap after
{Heap after GC invocations=23 (full 0):
 garbage-first heap   total 378880K, used 115202K [0x0000000700000000, 0x0000000800000000)
  region size 1024K, 20 young (20480K), 20 survivors (20480K)
 Metaspace       used 149755K, capacity 160646K, committed 160976K, reserved 1187840K
  class space    used 19050K, capacity 22369K, committed 22476K, reserved 1048576K
}
Event: 662.306 GC heap before
{Heap before GC invocations=24 (full 0):
 garbage-first heap   total 378880K, used 299522K [0x0000000700000000, 0x0000000800000000)
  region size 1024K, 201 young (205824K), 20 survivors (20480K)
 Metaspace       used 152689K, capacity 164008K, committed 164176K, reserved 1191936K
  class space    used 19317K, capacity 22844K, committed 22860K, reserved 1048576K
}
Event: 662.341 GC heap after
{Heap after GC invocations=25 (full 0):
 garbage-first heap   total 378880K, used 133881K [0x0000000700000000, 0x0000000800000000)
  region size 1024K, 26 young (26624K), 26 survivors (26624K)
 Metaspace       used 152689K, capacity 164008K, committed 164176K, reserved 1191936K
  class space    used 19317K, capacity 22844K, committed 22860K, reserved 1048576K
}

